android/build/outputs/logs/manifest-merger-release-report.txt
-- Merging decision tree log ---
manifest
ADDED from gsgame/android/AndroidManifest.xml:2:1-30:12
	package
		ADDED from gsgame/android/AndroidManifest.xml:3:5-33
		INJECTED from gsgame/android/AndroidManifest.xml
		INJECTED from gsgame/android/AndroidManifest.xml
	android:versionName
		ADDED from gsgame/android/AndroidManifest.xml:5:5-30
		INJECTED from gsgame/android/AndroidManifest.xml
		INJECTED from gsgame/android/AndroidManifest.xml
	android:versionCode
		ADDED from gsgame/android/AndroidManifest.xml:4:5-28
		INJECTED from gsgame/android/AndroidManifest.xml
		INJECTED from gsgame/android/AndroidManifest.xml
	xmlns:android
		ADDED from gsgame/android/AndroidManifest.xml:2:11-69
uses-sdk
ADDED from gsgame/android/AndroidManifest.xml:7:5-73
	android:targetSdkVersion
		ADDED from gsgame/android/AndroidManifest.xml:7:41-70
		INJECTED from gsgame/android/AndroidManifest.xml
		INJECTED from gsgame/android/AndroidManifest.xml
	android:minSdkVersion
		ADDED from gsgame/android/AndroidManifest.xml:7:15-40
		INJECTED from gsgame/android/AndroidManifest.xml
		INJECTED from gsgame/android/AndroidManifest.xml
application
ADDED from gsgame/android/AndroidManifest.xml:9:5-28:19
	android:label
		ADDED from gsgame/android/AndroidManifest.xml:12:9-41
	android:allowClearUserData
		ADDED from gsgame/android/AndroidManifest.xml:16:9-42
	android:hardwareAccelerated
		ADDED from gsgame/android/AndroidManifest.xml:15:9-44
	android:vmSafeMode
		ADDED from gsgame/android/AndroidManifest.xml:14:9-34
	android:allowBackup
		ADDED from gsgame/android/AndroidManifest.xml:10:9-35
	android:icon
		ADDED from gsgame/android/AndroidManifest.xml:11:9-45
	android:theme
		ADDED from gsgame/android/AndroidManifest.xml:13:9-40
activity#com.geometry.slide.AndroidLauncher
ADDED from gsgame/android/AndroidManifest.xml:18:9-27:20
	android:screenOrientation
		ADDED from gsgame/android/AndroidManifest.xml:21:13-50
	android:label
		ADDED from gsgame/android/AndroidManifest.xml:20:13-45
	android:configChanges
		ADDED from gsgame/android/AndroidManifest.xml:22:13-83
	android:name
		ADDED from gsgame/android/AndroidManifest.xml:19:13-62
intent-filter#android.intent.action.MAIN+android.intent.category.LAUNCHER
ADDED from gsgame/android/AndroidManifest.xml:23:13-26:29
action#android.intent.action.MAIN
ADDED from gsgame/android/AndroidManifest.xml:24:17-69
	android:name
		ADDED from gsgame/android/AndroidManifest.xml:24:25-66
category#android.intent.category.LAUNCHER
ADDED from gsgame/android/AndroidManifest.xml:25:17-77
	android:name
		ADDED from gsgame/android/AndroidManifest.xml:25:27-74